<?xml version='1.0' encoding='UTF-8'?>
<testsuites><testsuite name="Basic Nav perfomance functionality" tests="1" errors="0" failures="0" skipped="0" time="45.23" timestamp="2025-05-12T03:45:28.755851"><testcase name="User Performs basic Nav" classname="Basic Nav perfomance functionality" time="45.23"><system-out>EXPECTED RESULT: The first heading of the article is 'About TestPages'.
ACTUAL RESULT: The first heading text is 'About TestPages'.</system-out><properties>
[...]
</properties><system-out>Final Response: Test scenario passed: User successfully navigated from the main page to the About page and verified the first heading text as 'About TestPages'.</system-out><system-out/></testcase><properties><property name="total_execution_cost" value="0.0"/><property name="total_token_used" value="0"/></properties></testsuite></testsuites>