<?xml version='1.0' encoding='UTF-8'?>
<testsuites><testsuite name="Basic Nav perfomance functionality" tests="1" errors="0" failures="0" skipped="0" time="49.02" timestamp="2025-05-11T05:56:59.605940"><testcase name="User Performs basic Nav" classname="Basic Nav perfomance functionality" time="49.02"><system-out>EXPECTED RESULT: The first heading of the article is 'About TestPages'.
ACTUAL RESULT: The first heading of the article is 'About TestPages'.</system-out><properties><property name="Terminate" value="yes"/><property name="Feature File" value="./data/manager/exec/opt/gherkin_files/User_Performs_basic_Nav.feature"/><property name="Output File" value="./data/manager/exec/opt/output/run_20250511_055600/Basic_Nav_perfomance_functionality_User_Performs_basic_Nav_results.xml"/><property name="Proofs Video" value="/Users/aditya/Documents/personal/test-zeus-new/test-hercules-mcp/data/manager/exec/opt/proofs/User_Performs_basic_Nav/run_20250511_055600/videos/video_of_User_Performs_basic_Nav.webm"/><property name="Proofs Base Folder, includes screenshots, recording, netwrok logs, api logs, sec logs, accessibility logs" value="./data/manager/exec/opt/proofs/User_Performs_basic_Nav/run_20250511_055600"/><property name="Proofs Screenshot" value="./data/manager/exec/opt/proofs/User_Performs_basic_Nav/run_20250511_055600/screenshots"/><property name="Network Logs" value="./data/manager/exec/opt/proofs/User_Performs_basic_Nav/run_20250511_055600/network_logs.json"/><property name="Agents Internal Logs" value="./data/manager/exec/opt/log_files/User_Performs_basic_Nav/run_20250511_055600"/><property name="Planner Thoughts" value="./data/manager/exec/opt/log_files/User_Performs_basic_Nav/run_20250511_055600/chat_messages.json"/><property name="plan" value="Test completed successfully. All steps executed with expected outcomes: navigated to the main page, clicked 'About' button, verified navigation URL, and confirmed the first heading text matches 'About TestPages'."/><property name="next_step" value=""/><property name="terminate" value="yes"/><property name="target_helper" value="Not_Applicable"/></properties><system-out>Final Response: SUCCESS: The user successfully navigated to the 'About' page and verified the first heading text as 'About TestPages'. All test assertions passed.</system-out><system-out/></testcase><properties><property name="total_execution_cost" value="0.0"/><property name="total_token_used" value="0"/></properties></testsuite></testsuites>