<?xml version='1.0' encoding='UTF-8'?>
<testsuites><testsuite name="Basic Nav perfomance functionality" tests="1" errors="0" failures="0" skipped="0" time="48.18" timestamp="2025-05-12T02:40:03.039553"><testcase name="User Performs basic Nav" classname="Basic Nav perfomance functionality" time="48.18"><system-out>EXPECTED RESULT: The first heading text is 'About TestPages'.
ACTUAL RESULT: The first heading text is 'About TestPages'.</system-out><properties>
[...]
</properties><system-out>Final Response: The test scenario 'User Performs basic Nav' has passed successfully. The user navigated to the main page, clicked the 'About' button, the page navigated correctly to the expected URL, and the first heading text matched the expected value 'About TestPages'.</system-out><system-out/></testcase><properties><property name="total_execution_cost" value="0.0"/><property name="total_token_used" value="0"/></properties></testsuite></testsuites>