<?xml version='1.0' encoding='UTF-8'?>
<testsuites><testsuite name="Basic Navigation Functionality" tests="1" errors="0" failures="0" skipped="0" time="53.58" timestamp="2025-05-13T07:56:44.928182"><testcase name="User Performs Basic Navigation" classname="Basic Navigation Functionality" time="53.58"><system-out>EXPECTED RESULT: The first heading of the article is 'About TestPages'.
ACTUAL RESULT: The first heading text is 'About TestPages', matching the expected text.</system-out><properties>
[...]
</properties><system-out>Final Response: User successfully navigated to the 'About' page and verified the first heading text as 'About TestPages'. All test steps passed.</system-out><system-out/></testcase><properties><property name="total_execution_cost" value="0.0"/><property name="total_token_used" value="0"/></properties></testsuite></testsuites>