<?xml version='1.0' encoding='UTF-8'?>
<testsuites><testsuite name="Basic Nav perfomance functionality" tests="1" errors="0" failures="0" skipped="0" time="37.65" timestamp="2025-05-12T03:25:30.290857"><testcase name="User Performs basic Nav" classname="Basic Nav perfomance functionality" time="37.65"><system-out>EXPECTED RESULT: URL is 'https://testpages.eviltester.com/styled/page?app=testpages&amp;t=About' and first article heading text is 'About TestPages'.
ACTUAL RESULT: URL and heading text matched exactly as expected.</system-out><properties>
[...]
</properties><system-out>Final Response: SUCCESS: The navigation to the About page was successful and the first heading text matched the expected value 'About TestPages'.</system-out><system-out/></testcase><properties><property name="total_execution_cost" value="0.0"/><property name="total_token_used" value="0"/></properties></testsuite></testsuites>