<?xml version='1.0' encoding='UTF-8'?>
<testsuites><testsuite name="Basic Nav perfomance functionality" tests="1" errors="0" failures="0" skipped="0" time="49.73" timestamp="2025-05-12T04:17:56.325687"><testcase name="User Performs basic Nav" classname="Basic Nav perfomance functionality" time="49.73"><system-out>EXPECTED RESULT: The first heading text is 'About TestPages'.
ACTUAL RESULT: The first heading text is 'About TestPages'.</system-out><properties>
[...]
</properties><system-out>Final Response: The user successfully navigated to the main page, clicked the 'About' button, navigated to the correct URL, and verified that the first heading of the article is 'About TestPages'. All validations passed.</system-out><system-out/></testcase><properties><property name="total_execution_cost" value="0.0"/><property name="total_token_used" value="0"/></properties></testsuite></testsuites>