<?xml version='1.0' encoding='UTF-8'?>
<testsuites><testsuite name="Basic Nav perfomance functionality" tests="1" errors="0" failures="0" skipped="0" time="45.35" timestamp="2025-05-12T03:53:39.420766"><testcase name="User Performs basic Nav" classname="Basic Nav perfomance functionality" time="45.35"><system-out>EXPECTED RESULT: The first heading text is 'About TestPages'.
ACTUAL RESULT: The first heading text is 'About TestPages'.</system-out><properties>
[...]
</properties><system-out>Final Response: SUCCESS: User navigated to the main page, clicked the 'About' button, verified navigation to the correct URL, and confirmed the first article heading text is 'About TestPages'. All validations passed.</system-out><system-out/></testcase><properties><property name="total_execution_cost" value="0.0"/><property name="total_token_used" value="0"/></properties></testsuite></testsuites>