<?xml version='1.0' encoding='UTF-8'?>
<testsuites><testsuite name="Basic Nav perfomance functionality" tests="1" errors="0" failures="0" skipped="0" time="44.4" timestamp="2025-05-12T04:52:07.069442"><testcase name="User Performs basic Nav" classname="Basic Nav perfomance functionality" time="44.4"><system-out>EXPECTED RESULT: The first heading of the article is 'About TestPages'.
ACTUAL RESULT: The first heading of the article is 'About TestPages'.</system-out><properties>
[...]
</properties><system-out>Final Response: Test passed: The user successfully navigated to the main page, clicked the 'About' button, the page navigated to the expected URL, and the first heading of the article matched 'About TestPages'.</system-out><system-out/></testcase><properties><property name="total_execution_cost" value="0.0"/><property name="total_token_used" value="0"/></properties></testsuite></testsuites>